
> demo-store@2.1.6 build
> shopify hydrogen build --codegen

[warn] Data fetching is changing to a single fetch in React Router v7
┃ You can use the `v3_singleFetch` future flag to opt-in early.
┃ -> https://remix.run/docs/en/2.13.1/start/future-flags#v3_singleFetch
┗
Browserslist: caniuse-lite is outdated. Please run:
  npx update-browserslist-db@latest
  Why you should do it regularly: https://github.com/browserslist/update-db#readme
vite v5.2.12 building for production...
transforming...
✓ 2025 modules transformed.
Generated an empty chunk: "(_locale).account_.authorize".
Generated an empty chunk: "(_locale).featured-products".
Generated an empty chunk: "(_locale).account_.logout".
Generated an empty chunk: "(_locale).collections.all".
Generated an empty chunk: "sitemap._type._page_.xml_".
Generated an empty chunk: "(_locale).account_.login".
Generated an empty chunk: "(_locale).discount._code".
Generated an empty chunk: "(_locale).account._".
Generated an empty chunk: "_sitemap-empty.xml_".
Generated an empty chunk: "_sitemap.xml_".
Generated an empty chunk: "_robots.txt_".
rendering chunks...
computing gzip size...
dist/client/oxygen.json                                                        0.06 kB │ gzip:  0.07 kB
dist/client/assets/favicon-DZkC1E9c.svg                                        0.69 kB │ gzip:  0.35 kB
dist/client/.vite/manifest.json                                               21.36 kB │ gzip:  2.40 kB
dist/client/assets/IBMPlexSerif-Text-CNvnuW3g.woff2                           52.93 kB
dist/client/assets/IBMPlexSerif-TextItalic-Dso-UVbA.woff2                     57.71 kB
dist/client/assets/custom-font-DeYWE2vH.css                                    0.30 kB │ gzip:  0.17 kB
dist/client/assets/app-7Zk8Ux50.css                                           93.73 kB │ gzip: 15.33 kB
dist/client/assets/(_locale).account_.authorize-l0sNRNKZ.js                    0.00 kB │ gzip:  0.02 kB
dist/client/assets/(_locale).account_.logout-l0sNRNKZ.js                       0.00 kB │ gzip:  0.02 kB
dist/client/assets/(_locale).featured-products-l0sNRNKZ.js                     0.00 kB │ gzip:  0.02 kB
dist/client/assets/(_locale).account_.login-l0sNRNKZ.js                        0.00 kB │ gzip:  0.02 kB
dist/client/assets/sitemap._type._page_.xml_-l0sNRNKZ.js                       0.00 kB │ gzip:  0.02 kB
dist/client/assets/(_locale).discount._code-l0sNRNKZ.js                        0.00 kB │ gzip:  0.02 kB
dist/client/assets/_sitemap-empty.xml_-l0sNRNKZ.js                             0.00 kB │ gzip:  0.02 kB
dist/client/assets/_sitemap.xml_-l0sNRNKZ.js                                   0.00 kB │ gzip:  0.02 kB
dist/client/assets/(_locale).collections.all-l0sNRNKZ.js                       0.00 kB │ gzip:  0.02 kB
dist/client/assets/(_locale).account._-l0sNRNKZ.js                             0.00 kB │ gzip:  0.02 kB
dist/client/assets/_robots.txt_-l0sNRNKZ.js                                    0.00 kB │ gzip:  0.02 kB
dist/client/assets/_-C6d-v1ok.js                                               0.05 kB │ gzip:  0.07 kB
dist/client/assets/(_locale).api.countries-CSxRPO1x.js                         0.05 kB │ gzip:  0.07 kB
dist/client/assets/(_locale).api.products-CSxRPO1x.js                          0.05 kB │ gzip:  0.07 kB
dist/client/assets/const-DYJb6-3l.js                                           0.07 kB │ gzip:  0.09 kB
dist/client/assets/Skeleton-Bip6eO60.js                                        0.25 kB │ gzip:  0.20 kB
dist/client/assets/Aside-BI2DwHaM.js                                           0.38 kB │ gzip:  0.26 kB
dist/client/assets/flatten-connection-BTqmuHGw.js                              0.38 kB │ gzip:  0.26 kB
dist/client/assets/Link-CXahg7vC.js                                            0.39 kB │ gzip:  0.27 kB
dist/client/assets/ShopifyProvider-BjOoMu90.js                                 0.44 kB │ gzip:  0.31 kB
dist/client/assets/ProductSwimlane-BEmdcAqt.js                                 0.49 kB │ gzip:  0.34 kB
dist/client/assets/(_locale)._shopid.orders._token.authenticate-DT00YfYh.js    0.50 kB │ gzip:  0.34 kB
dist/client/assets/(_locale).pages._pageHandle-cvSeo4sR.js                     0.51 kB │ gzip:  0.37 kB
dist/client/assets/Button-_t57qjan.js                                          0.59 kB │ gzip:  0.40 kB
dist/client/assets/Grid-C1P5YdGV.js                                            0.64 kB │ gzip:  0.36 kB
dist/client/assets/(_locale).cart._lines-CAWJE2iz.js                           0.65 kB │ gzip:  0.39 kB
dist/client/assets/(_locale).policies._index-ytR8QzSI.js                       0.66 kB │ gzip:  0.43 kB
dist/client/assets/(_locale).cart-CvSMnWZO.js                                  0.69 kB │ gzip:  0.42 kB
dist/client/assets/FeaturedCollections-C7H75XwZ.js                             0.83 kB │ gzip:  0.50 kB
dist/client/assets/(_locale).journal._journalHandle-CdNjirEb.js                0.91 kB │ gzip:  0.60 kB
dist/client/assets/(_locale).policies._policyHandle-CW72TDJm.js                0.92 kB │ gzip:  0.57 kB
dist/client/assets/(_locale).journal._index-BINWieqc.js                        1.21 kB │ gzip:  0.68 kB
dist/client/assets/log-seo-tags-TY72EQWZ-DCHH-_Gl.js                           1.32 kB │ gzip:  0.68 kB
dist/client/assets/(_locale).products._index-BcbYi2Cv.js                       1.40 kB │ gzip:  0.67 kB
dist/client/assets/(_locale).account.edit-Bx9_CYSW.js                          1.41 kB │ gzip:  0.66 kB
dist/client/assets/(_locale).collections._index-PzZlEvFt.js                    1.63 kB │ gzip:  0.81 kB
dist/client/assets/Text-CTCjK5z2.js                                            2.19 kB │ gzip:  0.92 kB
dist/client/assets/Icon-BS3cDKS-.js                                            2.63 kB │ gzip:  0.86 kB
dist/client/assets/Money-D7aW9OyS.js                                           2.64 kB │ gzip:  1.13 kB
dist/client/assets/(_locale).search-Bol2AMSU.js                                3.12 kB │ gzip:  1.37 kB
dist/client/assets/button-BH37-unH.js                                          3.34 kB │ gzip:  1.48 kB
dist/client/assets/entry.client-DGdVQpG2.js                                    3.78 kB │ gzip:  1.44 kB
dist/client/assets/trending-down-B5IxH5xE.js                                   3.96 kB │ gzip:  1.66 kB
dist/client/assets/Image-CgpcOvHF.js                                           4.11 kB │ gzip:  1.65 kB
dist/client/assets/(_locale).account.address._id-CNIglozp.js                   4.17 kB │ gzip:  1.24 kB
dist/client/assets/(_locale).account.orders._id-CWhdxtYL.js                    5.87 kB │ gzip:  1.67 kB
dist/client/assets/StockBar-x9VsIySy.js                                        6.76 kB │ gzip:  2.29 kB
dist/client/assets/ProductCard-DpSA7wZw.js                                     7.64 kB │ gzip:  2.93 kB
dist/client/assets/(_locale).account-C1PjeAh9.js                               8.05 kB │ gzip:  2.79 kB
dist/client/assets/Cart-C0SY1AMr.js                                            9.45 kB │ gzip:  3.41 kB
dist/client/assets/keyboard-CMxORy-S.js                                       12.14 kB │ gzip:  4.85 kB
dist/client/assets/(_locale).products._productHandle-DYq5TFhA.js              14.90 kB │ gzip:  5.52 kB
dist/client/assets/(_locale).collections._collectionHandle-CyI7lAr8.js        23.81 kB │ gzip:  8.26 kB
dist/client/assets/utils-z56cqWYU.js                                          27.16 kB │ gzip:  9.03 kB
dist/client/assets/(_locale)._index-DBMa7N_W.js                               27.98 kB │ gzip:  6.24 kB
dist/client/assets/index-BhF9olux.js                                          37.37 kB │ gzip: 13.06 kB
dist/client/assets/root-B56ArSqS.js                                           45.09 kB │ gzip: 15.22 kB
dist/client/assets/components-CVtz0ygu.js                                    257.19 kB │ gzip: 82.74 kB
✓ built in 11.89s

vite v5.2.12 building SSR bundle for production...
transforming...
✓ 2009 modules transformed.
x Build failed in 5.77s
╭─ error ──────────────────────────────────────────────────────────────────────╮
│                                                                              │
│  app/routes/($locale).collections.$collectionHandle.tsx (33:8):              │
│  "parseAsCurrency" is not exported by "app/lib/utils.ts", imported by        │
│  "app/routes/($locale).collections.$collectionHandle.tsx".                   │
│  file: /Users/macbookpro/Dealdrop SHopify theme/hydrogen-store/app/routes/(  │
│  $locale).collections.$collectionHandle.tsx:33:8                             │
│                                                                              │
│  31: import {FILTER_URL_PREFIX} from '~/components/SortFilter';              │
│  32: import {getImageLoadingPriority} from '~/lib/const';                    │
│  33: import {parseAsCurrency} from '~/lib/utils';                            │
│              ^                                                               │
│  34:                                                                         │
│  35: export const headers = routeHeaders;                                    │
│                                                                              │
│                                                                              │
│  To investigate the issue, examine this stack trace:                         │
│    at (file: /Users/macbookpro/Dealdrop SHopify theme/hydrogen-store/app/ro  │
│    utes/($locale).collections.$collectionHandle.tsx:33)                      │
│    at getRollupError (Users/macbookpro/Dealdrop%20SHopify%20theme/hydrogen-  │
│    store/node_modules/rollup/dist/es/shared/parseAst.js:396)                 │
│    at error (Users/macbookpro/Dealdrop%20SHopify%20theme/hydrogen-store/nod  │
│    e_modules/rollup/dist/es/shared/parseAst.js:392)                          │
│    at error (Users/macbookpro/Dealdrop%20SHopify%20theme/hydrogen-store/nod  │
│    e_modules/rollup/dist/es/shared/node-entry.js:13858)                      │
│    at traceVariable (Users/macbookpro/Dealdrop%20SHopify%20theme/hydrogen-s  │
│    tore/node_modules/rollup/dist/es/shared/node-entry.js:14306)              │
│    at findVariable (Users/macbookpro/Dealdrop%20SHopify%20theme/hydrogen-st  │
│    ore/node_modules/rollup/dist/es/shared/node-entry.js:11984)               │
│    at findVariable (Users/macbookpro/Dealdrop%20SHopify%20theme/hydrogen-st  │
│    ore/node_modules/rollup/dist/es/shared/node-entry.js:7432)                │
│    at findVariable (Users/macbookpro/Dealdrop%20SHopify%20theme/hydrogen-st  │
│    ore/node_modules/rollup/dist/es/shared/node-entry.js:7432)                │
│    at findVariable (Users/macbookpro/Dealdrop%20SHopify%20theme/hydrogen-st  │
│    ore/node_modules/rollup/dist/es/shared/node-entry.js:7432)                │
│    at findVariable (Users/macbookpro/Dealdrop%20SHopify%20theme/hydrogen-st  │
│    ore/node_modules/rollup/dist/es/shared/node-entry.js:7432)                │
│    at findVariable (Users/macbookpro/Dealdrop%20SHopify%20theme/hydrogen-st  │
│    ore/node_modules/rollup/dist/es/shared/node-entry.js:7432)                │
│                                                                              │
╰──────────────────────────────────────────────────────────────────────────────╯

